Case #1: 1 2
Case #2: 1
Case #3: IMPOSSIBLE
Case #4: 1 2
Case #5: 1 2 3
Case #6: 5 20
Case #7: 13 169
Case #8: 3 9
Case #9: 2 132
Case #10: 8 640
Case #11: 187
Case #12: 2 6
Case #13: 8
Case #14: 11 385
Case #15: 1 2 3 4 5 6 7 8 9 10 11
Case #16: 5 250
Case #17: 8 728
Case #18: 1
Case #19: IMPOSSIBLE
Case #20: 1 2 3 4 5 6 7 8 9 10 11 12 13 14 15 16 17 18 19 20 21 22 23
Case #21: 180
Case #22: 118
Case #23: 2 8
Case #24: 9
Case #25: 84
Case #26: 7 448
Case #27: 110
Case #28: 1
Case #29: 2 64
Case #30: 4 36
Case #31: 6
Case #32: IMPOSSIBLE
Case #33: 1 2 3
Case #34: 9 639
Case #35: 3 33
Case #36: 4 392
Case #37: IMPOSSIBLE
Case #38: 116
Case #39: 6
Case #40: 16
Case #41: 1 2 3 4 5 6 7 8 9 10 11 12 13 14
Case #42: 7 98
Case #43: 3 300
Case #44: 93
Case #45: 1 2 3 4 5 6 7 8 9 10 11 12 13 14 15 16 17 18 19 20 21 22 23 24 25 26 27 28 29 30 31 32 33 34 35
Case #46: IMPOSSIBLE
Case #47: 8 760
Case #48: 6 378
Case #49: 12
Case #50: 285
Case #51: 1
Case #52: 2 200
Case #53: 10 300
Case #54: 5 150
Case #55: 1
Case #56: 2 36
Case #57: 1 2 3 4 5 6 7 8 9 10 11 12 13 14 15 16 17 18 19 20 21 22 23 24 25 26 27 28 29 30 31 32 33 34 35 36 37 38 39 40 41 42 43 44 45 46 47 48 49 50 51 52 53 54 55 56 57 58 59 60 61 62 63 64 65 66 67 68 69 70 71 72 73 74 75 76 77 78 79 80 81 82 83 84 85 86 87 88 89 90 91 92 93 94 95 96 97 98 99 100
Case #58: 9 900
Case #59: 4 284
Case #60: IMPOSSIBLE
Case #61: IMPOSSIBLE
Case #62: 111
Case #63: 3 12
Case #64: 9 126
Case #65: 2 14
Case #66: 2 156
Case #67: 2 174
Case #68: 1
Case #69: 8 144
Case #70: 98
Case #71: 3 300
Case #72: 7 588
Case #73: 8
Case #74: 5 50
Case #75: 4
Case #76: 4 400
Case #77: 1 2 3 4
Case #78: 50
Case #79: 1
Case #80: 12
Case #81: 2 38
Case #82: 5 430
Case #83: 9 819
Case #84: 5 80
Case #85: 2 44
Case #86: 4 400
Case #87: 2 66
Case #88: 11 385
Case #89: 2 200
Case #90: 17 85
Case #91: 7 700
Case #92: 450
Case #93: 1
Case #94: IMPOSSIBLE
Case #95: 6 288
Case #96: 9 900
Case #97: 14 182
Case #98: 5 380
Case #99: 8 640
Case #100: 126