Case #1:
10000000000000000000000000000001 3 2 2 2 2 2 2 2 2
10000000000000000000000000000111 5 2 2 2 2 2 2 2 2
10000000000000000000000000001101 6 2 2 2 2 2 2 2 2
10000000000000000000000000010011 3 2 2 2 2 2 2 2 2
10000000000000000000000000011001 9 2 2 2 2 2 2 2 2
10000000000000000000000000011111 6 2 2 2 2 2 2 2 2
10000000000000000000000000100101 5 2 2 2 2 2 2 2 2
10000000000000000000000000101111 5 2 2 2 2 2 2 2 2
10000000000000000000000000110001 6 2 2 2 2 2 2 2 2
10000000000000000000000000110111 3 2 2 2 2 2 2 2 2
10000000000000000000000000111101 9 2 2 2 2 2 2 2 2
10000000000000000000000001000011 5 2 2 2 2 2 2 2 2
10000000000000000000000001001001 3 2 2 2 2 2 2 2 2
10000000000000000000000001001111 9 2 2 2 2 2 2 2 2
10000000000000000000000001010111 5 2 2 2 2 2 2 2 2
10000000000000000000000001011011 3 2 2 2 2 2 2 2 2
10000000000000000000000001100001 5 2 2 2 2 2 2 2 2
10000000000000000000000001100111 6 2 2 2 2 2 2 2 2
10000000000000000000000001101011 5 2 2 2 2 2 2 2 2
10000000000000000000000001101101 3 2 2 2 2 2 2 2 2
10000000000000000000000001110011 9 2 2 2 2 2 2 2 2
10000000000000000000000001110101 5 2 2 2 2 2 2 2 2
10000000000000000000000001111001 6 2 2 2 2 2 2 2 2
10000000000000000000000001111111 5 2 2 2 2 2 2 2 2
10000000000000000000000010000101 9 2 2 2 2 2 2 2 2
10000000000000000000000010001001 5 2 2 2 2 2 2 2 2
10000000000000000000000010001011 6 5 2 2 2 2 2 2 2
10000000000000000000000010010001 3 2 2 2 2 2 2 2 2
10000000000000000000000010010111 9 2 2 2 2 2 2 2 2
10000000000000000000000010011101 5 2 2 2 2 2 2 2 2
10000000000000000000000010100111 5 2 2 2 2 2 2 2 2
10000000000000000000000010101001 9 5 2 2 2 2 2 2 2
10000000000000000000000010110101 3 2 2 2 2 2 2 2 2
10000000000000000000000011000001 6 2 2 2 2 2 2 2 2
10000000000000000000000011000111 3 2 2 2 2 2 2 2 2
10000000000000000000000011001101 9 2 2 2 2 2 2 2 2
10000000000000000000000011010011 6 2 2 2 2 2 2 2 2
10000000000000000000000011011001 5 2 2 2 2 2 2 2 2
10000000000000000000000011011111 9 2 2 2 2 2 2 2 2
10000000000000000000000011100011 5 2 2 2 2 2 2 2 2
10000000000000000000000011100101 6 2 2 2 2 2 2 2 2
10000000000000000000000011110001 9 2 2 2 2 2 2 2 2
10000000000000000000000011110111 5 2 2 2 2 2 2 2 2
10000000000000000000000011111101 3 2 2 2 2 2 2 2 2
10000000000000000000000100000011 9 2 2 2 2 2 2 2 2
10000000000000000000000100001001 6 2 2 2 2 2 2 2 2
10000000000000000000000100001111 3 2 2 2 2 2 2 2 2
10000000000000000000000100011011 6 2 2 2 2 2 2 2 2
10000000000000000000000100100001 3 2 2 2 2 2 2 2 2
10000000000000000000000100100111 9 2 2 2 2 2 2 2 2
10000000000000000000000100101101 6 2 2 2 2 2 2 2 2
10000000000000000000000100110011 5 2 2 2 2 2 2 2 2
10000000000000000000000100111001 9 2 2 2 2 2 2 2 2
10000000000000000000000100111111 6 2 2 2 2 2 2 2 2
10000000000000000000000101000111 5 2 2 2 2 2 2 2 2
10000000000000000000000101001011 9 2 2 2 2 2 2 2 2
10000000000000000000000101011101 9 5 2 2 2 2 2 2 2
10000000000000000000000101100011 6 2 2 2 2 2 2 2 2
10000000000000000000000101100101 5 2 2 2 2 2 2 2 2
10000000000000000000000101101001 3 2 2 2 2 2 2 2 2
10000000000000000000000101101111 5 2 2 2 2 2 2 2 2
10000000000000000000000101111011 3 2 2 2 2 2 2 2 2
10000000000000000000000110000001 9 2 2 2 2 2 2 2 2
10000000000000000000000110000111 6 2 2 2 2 2 2 2 2
10000000000000000000000110001101 5 2 2 2 2 2 2 2 2
10000000000000000000000110010011 9 2 2 2 2 2 2 2 2
10000000000000000000000110011001 6 2 2 2 2 2 2 2 2
10000000000000000000000110011111 3 2 2 2 2 2 2 2 2
10000000000000000000000110100101 9 2 2 2 2 2 2 2 2
10000000000000000000000110110001 3 2 2 2 2 2 2 2 2
10000000000000000000000110110111 9 2 2 2 2 2 2 2 2
10000000000000000000000110111101 6 2 2 2 2 2 2 2 2
10000000000000000000000111000011 3 2 2 2 2 2 2 2 2
10000000000000000000000111001001 5 2 2 2 2 2 2 2 2
10000000000000000000000111001111 6 2 2 2 2 2 2 2 2
10000000000000000000000111010101 3 5 2 2 2 2 2 2 2
10000000000000000000000111011011 9 2 2 2 2 2 2 2 2
10000000000000000000000111011101 5 2 2 2 2 2 2 2 2
10000000000000000000000111100001 6 2 2 2 2 2 2 2 2
10000000000000000000000111100111 5 2 2 2 2 2 2 2 2
10000000000000000000000111101101 9 2 2 2 2 2 2 2 2
10000000000000000000000111110011 6 2 2 2 2 2 2 2 2
10000000000000000000000111111001 3 2 2 2 2 2 2 2 2
10000000000000000000000111111111 9 2 2 2 2 2 2 2 2
10000000000000000000001000000101 5 2 2 2 2 2 2 2 2
10000000000000000000001000001111 5 2 2 2 2 2 2 2 2
10000000000000000000001000010001 9 2 2 2 2 2 2 2 2
10000000000000000000001000010111 6 2 2 2 2 2 2 2 2
10000000000000000000001000011101 3 2 2 2 2 2 2 2 2
10000000000000000000001000101101 5 2 2 2 2 2 2 2 2
10000000000000000000001000110101 9 2 2 2 2 2 2 2 2
10000000000000000000001000111011 6 5 2 2 2 2 2 2 2
10000000000000000000001001000001 5 2 2 2 2 2 2 2 2
10000000000000000000001001000111 9 2 2 2 2 2 2 2 2
10000000000000000000001001001011 5 2 2 2 2 2 2 2 2
10000000000000000000001001001101 6 2 2 2 2 2 2 2 2
10000000000000000000001001010011 3 2 2 2 2 2 2 2 2
10000000000000000000001001010101 5 2 2 2 2 2 2 2 2
10000000000000000000001001011001 9 2 2 2 2 2 2 2 2
10000000000000000000001001011111 5 2 2 2 2 2 2 2 2
10000000000000000000001001100101 3 2 2 2 2 2 2 2 2
10000000000000000000001001101001 5 2 2 2 2 2 2 2 2
10000000000000000000001001110001 6 2 2 2 2 2 2 2 2
10000000000000000000001001110111 3 2 2 2 2 2 2 2 2
10000000000000000000001001111101 5 2 2 2 2 2 2 2 2
10000000000000000000001010000111 5 2 2 2 2 2 2 2 2
10000000000000000000001010001001 3 5 2 2 2 2 2 2 2
10000000000000000000001010010101 6 2 2 2 2 2 2 2 2
10000000000000000000001010100101 5 2 2 2 2 2 2 2 2
10000000000000000000001010101111 5 2 2 2 2 2 2 2 2
10000000000000000000001010110011 9 5 2 2 2 2 2 2 2
10000000000000000000001011000011 5 2 2 2 2 2 2 2 2
10000000000000000000001011000101 9 2 2 2 2 2 2 2 2
10000000000000000000001011010001 3 2 2 2 2 2 2 2 2
10000000000000000000001011010111 5 2 2 2 2 2 2 2 2
10000000000000000000001011011101 6 2 2 2 2 2 2 2 2
10000000000000000000001011100001 5 2 2 2 2 2 2 2 2
10000000000000000000001011101011 5 2 2 2 2 2 2 2 2
10000000000000000000001011110101 5 2 2 2 2 2 2 2 2
10000000000000000000001011111111 5 2 2 2 2 2 2 2 2
10000000000000000000001100000001 6 2 2 2 2 2 2 2 2
10000000000000000000001100000111 3 2 2 2 2 2 2 2 2
10000000000000000000001100001101 9 2 2 2 2 2 2 2 2
10000000000000000000001100010011 5 2 2 2 2 2 2 2 2
10000000000000000000001100011001 3 2 2 2 2 2 2 2 2
10000000000000000000001100011111 9 2 2 2 2 2 2 2 2
10000000000000000000001100100101 6 2 2 2 2 2 2 2 2
10000000000000000000001100101011 3 5 2 2 2 2 2 2 2
10000000000000000000001100110001 5 2 2 2 2 2 2 2 2
10000000000000000000001100110111 6 2 2 2 2 2 2 2 2
10000000000000000000001100111011 5 2 2 2 2 2 2 2 2
10000000000000000000001100111101 3 2 2 2 2 2 2 2 2
10000000000000000000001101000011 9 2 2 2 2 2 2 2 2
10000000000000000000001101000101 5 2 2 2 2 2 2 2 2
10000000000000000000001101001001 6 2 2 2 2 2 2 2 2
10000000000000000000001101001111 5 2 2 2 2 2 2 2 2
10000000000000000000001101011011 6 2 2 2 2 2 2 2 2
10000000000000000000001101100001 3 2 2 2 2 2 2 2 2
10000000000000000000001101100111 9 2 2 2 2 2 2 2 2
10000000000000000000001101101101 5 2 2 2 2 2 2 2 2
10000000000000000000001101110011 3 2 2 2 2 2 2 2 2
10000000000000000000001101111001 9 2 2 2 2 2 2 2 2
10000000000000000000001101111111 6 2 2 2 2 2 2 2 2
10000000000000000000001110000101 3 2 2 2 2 2 2 2 2
10000000000000000000001110010001 6 2 2 2 2 2 2 2 2
10000000000000000000001110010111 3 2 2 2 2 2 2 2 2
10000000000000000000001110011101 9 2 2 2 2 2 2 2 2
10000000000000000000001110100011 6 5 2 2 2 2 2 2 2
10000000000000000000001110110011 5 2 2 2 2 2 2 2 2
10000000000000000000001110110101 6 2 2 2 2 2 2 2 2
10000000000000000000001111000001 9 2 2 2 2 2 2 2 2
10000000000000000000001111000111 5 2 2 2 2 2 2 2 2
10000000000000000000001111001101 3 2 2 2 2 2 2 2 2
10000000000000000000001111010011 9 2 2 2 2 2 2 2 2
10000000000000000000001111011001 6 2 2 2 2 2 2 2 2
10000000000000000000001111011111 3 2 2 2 2 2 2 2 2
10000000000000000000001111100101 5 2 2 2 2 2 2 2 2
10000000000000000000001111101111 5 2 2 2 2 2 2 2 2
10000000000000000000001111110001 3 2 2 2 2 2 2 2 2
10000000000000000000001111110111 9 2 2 2 2 2 2 2 2
10000000000000000000001111111101 6 2 2 2 2 2 2 2 2
10000000000000000000010000000011 5 2 2 2 2 2 2 2 2
10000000000000000000010000001001 9 2 2 2 2 2 2 2 2
10000000000000000000010000001111 6 2 2 2 2 2 2 2 2
10000000000000000000010000010111 5 2 2 2 2 2 2 2 2
10000000000000000000010000011011 9 2 2 2 2 2 2 2 2
10000000000000000000010000100001 5 2 2 2 2 2 2 2 2
10000000000000000000010000100111 3 2 2 2 2 2 2 2 2
10000000000000000000010000101011 5 2 2 2 2 2 2 2 2
10000000000000000000010000101101 9 2 2 2 2 2 2 2 2
10000000000000000000010000110011 6 2 2 2 2 2 2 2 2
10000000000000000000010000110101 5 2 2 2 2 2 2 2 2
10000000000000000000010000111001 3 2 2 2 2 2 2 2 2
10000000000000000000010000111111 5 2 2 2 2 2 2 2 2
10000000000000000000010001000101 6 5 2 2 2 2 2 2 2
10000000000000000000010001001011 3 2 2 2 2 2 2 2 2
10000000000000000000010001010011 5 2 2 2 2 2 2 2 2
10000000000000000000010001100011 9 2 2 2 2 2 2 2 2
10000000000000000000010001101001 6 2 2 2 2 2 2 2 2
10000000000000000000010001101111 3 2 2 2 2 2 2 2 2
10000000000000000000010001110001 5 2 2 2 2 2 2 2 2
10000000000000000000010001111011 5 2 2 2 2 2 2 2 2
10000000000000000000010010000001 3 2 2 2 2 2 2 2 2
10000000000000000000010010000111 9 2 2 2 2 2 2 2 2
10000000000000000000010010001101 6 2 2 2 2 2 2 2 2
10000000000000000000010010010011 3 2 2 2 2 2 2 2 2
10000000000000000000010010011001 5 2 2 2 2 2 2 2 2
10000000000000000000010010011111 6 2 2 2 2 2 2 2 2
10000000000000000000010010100011 5 2 2 2 2 2 2 2 2
10000000000000000000010010100101 3 2 2 2 2 2 2 2 2
10000000000000000000010010110001 6 2 2 2 2 2 2 2 2
10000000000000000000010010110111 5 2 2 2 2 2 2 2 2
10000000000000000000010010111101 9 2 2 2 2 2 2 2 2
10000000000000000000010011000011 6 2 2 2 2 2 2 2 2
10000000000000000000010011001001 3 2 2 2 2 2 2 2 2
10000000000000000000010011001111 9 2 2 2 2 2 2 2 2
10000000000000000000010011011011 3 2 2 2 2 2 2 2 2
10000000000000000000010011100001 9 2 2 2 2 2 2 2 2
10000000000000000000010011100111 6 2 2 2 2 2 2 2 2
10000000000000000000010011101101 3 2 2 2 2 2 2 2 2
10000000000000000000010011110011 5 2 2 2 2 2 2 2 2
10000000000000000000010011111001 6 2 2 2 2 2 2 2 2
10000000000000000000010011111111 3 2 2 2 2 2 2 2 2
10000000000000000000010100000111 5 2 2 2 2 2 2 2 2
10000000000000000000010100001011 6 2 2 2 2 2 2 2 2
10000000000000000000010100011101 6 5 2 2 2 2 2 2 2
10000000000000000000010100100011 3 2 2 2 2 2 2 2 2
10000000000000000000010100100101 5 2 2 2 2 2 2 2 2
10000000000000000000010100101001 9 2 2 2 2 2 2 2 2
10000000000000000000010100101111 5 2 2 2 2 2 2 2 2
10000000000000000000010100111011 9 2 2 2 2 2 2 2 2
10000000000000000000010101000011 5 2 2 2 2 2 2 2 2
10000000000000000000010101010111 5 2 2 2 2 2 2 2 2
10000000000000000000010101011001 3 5 2 2 2 2 2 2 2
10000000000000000000010101100001 5 2 2 2 2 2 2 2 2
10000000000000000000010101101011 5 2 2 2 2 2 2 2 2
10000000000000000000010101110101 5 2 2 2 2 2 2 2 2
10000000000000000000010101111111 5 2 2 2 2 2 2 2 2
10000000000000000000010110000011 9 2 2 2 2 2 2 2 2
10000000000000000000010110001001 5 2 2 2 2 2 2 2 2
10000000000000000000010110001111 3 2 2 2 2 2 2 2 2
10000000000000000000010110010101 9 5 2 2 2 2 2 2 2
10000000000000000000010110011011 6 2 2 2 2 2 2 2 2
10000000000000000000010110011101 5 2 2 2 2 2 2 2 2
10000000000000000000010110100001 3 2 2 2 2 2 2 2 2
10000000000000000000010110100111 5 2 2 2 2 2 2 2 2
10000000000000000000010110101101 6 2 2 2 2 2 2 2 2
10000000000000000000010110110011 3 2 2 2 2 2 2 2 2
10000000000000000000010110111001 9 2 2 2 2 2 2 2 2
10000000000000000000010110111111 6 2 2 2 2 2 2 2 2
10000000000000000000010111001011 9 2 2 2 2 2 2 2 2
10000000000000000000010111010001 6 5 2 2 2 2 2 2 2
10000000000000000000010111011001 5 2 2 2 2 2 2 2 2
10000000000000000000010111100011 5 2 2 2 2 2 2 2 2
10000000000000000000010111101001 3 2 2 2 2 2 2 2 2
10000000000000000000010111101111 9 2 2 2 2 2 2 2 2
10000000000000000000010111110111 5 2 2 2 2 2 2 2 2
10000000000000000000010111111011 3 2 2 2 2 2 2 2 2
10000000000000000000011000000001 5 2 2 2 2 2 2 2 2
10000000000000000000011000000111 6 2 2 2 2 2 2 2 2
10000000000000000000011000001011 5 2 2 2 2 2 2 2 2
10000000000000000000011000001101 3 2 2 2 2 2 2 2 2
10000000000000000000011000010011 9 2 2 2 2 2 2 2 2
10000000000000000000011000010101 5 2 2 2 2 2 2 2 2
10000000000000000000011000011001 6 2 2 2 2 2 2 2 2
10000000000000000000011000011111 5 2 2 2 2 2 2 2 2
10000000000000000000011000100101 9 2 2 2 2 2 2 2 2
10000000000000000000011000101001 5 2 2 2 2 2 2 2 2
10000000000000000000011000110001 3 2 2 2 2 2 2 2 2
10000000000000000000011000110111 9 2 2 2 2 2 2 2 2
10000000000000000000011000111101 5 2 2 2 2 2 2 2 2
10000000000000000000011001000011 3 2 2 2 2 2 2 2 2
10000000000000000000011001001001 9 2 2 2 2 2 2 2 2
10000000000000000000011001001111 6 2 2 2 2 2 2 2 2
10000000000000000000011001010001 5 2 2 2 2 2 2 2 2
10000000000000000000011001011011 5 2 2 2 2 2 2 2 2
10000000000000000000011001100001 6 2 2 2 2 2 2 2 2
10000000000000000000011001100111 3 2 2 2 2 2 2 2 2
10000000000000000000011001101101 9 2 2 2 2 2 2 2 2
10000000000000000000011001110011 6 2 2 2 2 2 2 2 2
10000000000000000000011001111001 5 2 2 2 2 2 2 2 2
10000000000000000000011001111111 9 2 2 2 2 2 2 2 2
10000000000000000000011010000011 5 2 2 2 2 2 2 2 2
10000000000000000000011010000101 6 2 2 2 2 2 2 2 2
10000000000000000000011010010001 9 2 2 2 2 2 2 2 2
10000000000000000000011010010111 5 2 2 2 2 2 2 2 2
10000000000000000000011010011101 3 2 2 2 2 2 2 2 2
10000000000000000000011010100001 5 2 2 2 2 2 2 2 2
10000000000000000000011010101011 5 2 2 2 2 2 2 2 2
10000000000000000000011010110101 5 2 2 2 2 2 2 2 2
10000000000000000000011010111111 5 2 2 2 2 2 2 2 2
10000000000000000000011011000001 3 2 2 2 2 2 2 2 2
10000000000000000000011011000111 9 2 2 2 2 2 2 2 2
10000000000000000000011011001101 6 2 2 2 2 2 2 2 2
10000000000000000000011011010011 5 2 2 2 2 2 2 2 2
10000000000000000000011011011001 9 2 2 2 2 2 2 2 2
10000000000000000000011011011111 6 2 2 2 2 2 2 2 2
10000000000000000000011011100101 3 2 2 2 2 2 2 2 2
10000000000000000000011011110001 5 2 2 2 2 2 2 2 2
10000000000000000000011011110111 3 2 2 2 2 2 2 2 2
10000000000000000000011011111011 5 2 2 2 2 2 2 2 2
10000000000000000000011011111101 9 2 2 2 2 2 2 2 2
10000000000000000000011100000011 6 2 2 2 2 2 2 2 2
10000000000000000000011100000101 5 2 2 2 2 2 2 2 2
10000000000000000000011100001001 3 2 2 2 2 2 2 2 2
10000000000000000000011100001111 5 2 2 2 2 2 2 2 2
10000000000000000000011100011011 3 2 2 2 2 2 2 2 2
10000000000000000000011100100001 9 2 2 2 2 2 2 2 2
10000000000000000000011100100111 6 2 2 2 2 2 2 2 2
10000000000000000000011100101101 5 2 2 2 2 2 2 2 2
10000000000000000000011100110011 9 2 2 2 2 2 2 2 2
10000000000000000000011100111001 6 2 2 2 2 2 2 2 2
10000000000000000000011100111111 3 2 2 2 2 2 2 2 2
10000000000000000000011101000001 5 2 2 2 2 2 2 2 2
10000000000000000000011101001011 5 2 2 2 2 2 2 2 2
10000000000000000000011101010101 5 2 2 2 2 2 2 2 2
10000000000000000000011101011111 5 2 2 2 2 2 2 2 2
10000000000000000000011101100011 3 2 2 2 2 2 2 2 2
10000000000000000000011101101001 5 2 2 2 2 2 2 2 2
10000000000000000000011101101111 6 2 2 2 2 2 2 2 2
10000000000000000000011101111011 9 2 2 2 2 2 2 2 2
10000000000000000000011101111101 5 2 2 2 2 2 2 2 2
10000000000000000000011110000001 6 2 2 2 2 2 2 2 2
10000000000000000000011110000111 5 2 2 2 2 2 2 2 2
10000000000000000000011110001101 9 2 2 2 2 2 2 2 2
10000000000000000000011110010011 6 2 2 2 2 2 2 2 2
10000000000000000000011110011001 3 2 2 2 2 2 2 2 2
10000000000000000000011110011111 9 2 2 2 2 2 2 2 2
10000000000000000000011110100101 5 2 2 2 2 2 2 2 2
10000000000000000000011110101111 5 2 2 2 2 2 2 2 2
10000000000000000000011110110001 9 2 2 2 2 2 2 2 2
10000000000000000000011110110111 6 2 2 2 2 2 2 2 2
10000000000000000000011110111101 3 2 2 2 2 2 2 2 2
10000000000000000000011111000011 5 2 2 2 2 2 2 2 2
10000000000000000000011111001001 6 2 2 2 2 2 2 2 2
10000000000000000000011111001111 3 2 2 2 2 2 2 2 2
10000000000000000000011111010111 5 2 2 2 2 2 2 2 2
10000000000000000000011111011011 6 2 2 2 2 2 2 2 2
10000000000000000000011111100001 5 2 2 2 2 2 2 2 2
10000000000000000000011111100111 9 2 2 2 2 2 2 2 2
10000000000000000000011111101011 5 2 2 2 2 2 2 2 2
10000000000000000000011111101101 6 2 2 2 2 2 2 2 2
10000000000000000000011111110011 3 2 2 2 2 2 2 2 2
10000000000000000000011111110101 5 2 2 2 2 2 2 2 2
10000000000000000000011111111001 9 2 2 2 2 2 2 2 2
10000000000000000000011111111111 5 2 2 2 2 2 2 2 2
10000000000000000000100000000101 3 2 2 2 2 2 2 2 2
10000000000000000000100000001001 5 2 2 2 2 2 2 2 2
10000000000000000000100000001011 9 5 2 2 2 2 2 2 2
10000000000000000000100000010001 6 2 2 2 2 2 2 2 2
10000000000000000000100000010111 3 2 2 2 2 2 2 2 2
10000000000000000000100000011101 5 2 2 2 2 2 2 2 2
10000000000000000000100000100111 5 2 2 2 2 2 2 2 2
10000000000000000000100000101001 3 5 2 2 2 2 2 2 2
10000000000000000000100000110101 6 2 2 2 2 2 2 2 2
10000000000000000000100001000001 9 2 2 2 2 2 2 2 2
10000000000000000000100001000111 6 2 2 2 2 2 2 2 2
10000000000000000000100001001101 3 2 2 2 2 2 2 2 2
10000000000000000000100001010011 9 2 2 2 2 2 2 2 2
10000000000000000000100001011001 5 2 2 2 2 2 2 2 2
10000000000000000000100001011111 3 2 2 2 2 2 2 2 2
10000000000000000000100001100011 5 2 2 2 2 2 2 2 2
10000000000000000000100001100101 9 2 2 2 2 2 2 2 2
10000000000000000000100001110001 3 2 2 2 2 2 2 2 2
10000000000000000000100001110111 5 2 2 2 2 2 2 2 2
10000000000000000000100001111101 6 2 2 2 2 2 2 2 2
10000000000000000000100010000001 5 2 2 2 2 2 2 2 2
10000000000000000000100010000011 3 5 2 2 2 2 2 2 2
10000000000000000000100010001011 5 2 2 2 2 2 2 2 2
10000000000000000000100010010101 5 2 2 2 2 2 2 2 2
10000000000000000000100010011111 5 2 2 2 2 2 2 2 2
10000000000000000000100010100001 6 5 2 2 2 2 2 2 2
10000000000000000000100010101001 5 2 2 2 2 2 2 2 2
10000000000000000000100010111101 5 2 2 2 2 2 2 2 2
10000000000000000000100010111111 9 5 2 2 2 2 2 2 2
10000000000000000000100011000101 6 2 2 2 2 2 2 2 2
10000000000000000000100011010001 5 2 2 2 2 2 2 2 2
10000000000000000000100011010111 6 2 2 2 2 2 2 2 2
10000000000000000000100011011011 5 2 2 2 2 2 2 2 2
10000000000000000000100011011101 3 2 2 2 2 2 2 2 2
10000000000000000000100011110101 9 2 2 2 2 2 2 2 2
10000000000000000000100011111001 5 2 2 2 2 2 2 2 2
10000000000000000000100011111011 6 5 2 2 2 2 2 2 2
10000000000000000000100100000001 3 2 2 2 2 2 2 2 2
10000000000000000000100100000111 9 2 2 2 2 2 2 2 2
10000000000000000000100100001101 5 2 2 2 2 2 2 2 2
10000000000000000000100100010011 3 2 2 2 2 2 2 2 2
10000000000000000000100100011001 9 2 2 2 2 2 2 2 2
10000000000000000000100100011111 6 2 2 2 2 2 2 2 2
10000000000000000000100100100101 3 2 2 2 2 2 2 2 2
10000000000000000000100100110001 6 2 2 2 2 2 2 2 2
10000000000000000000100100110111 3 2 2 2 2 2 2 2 2
10000000000000000000100100111101 9 2 2 2 2 2 2 2 2
10000000000000000000100101000011 6 2 2 2 2 2 2 2 2
10000000000000000000100101001001 5 2 2 2 2 2 2 2 2
10000000000000000000100101001111 9 2 2 2 2 2 2 2 2
10000000000000000000100101010101 6 5 2 2 2 2 2 2 2
10000000000000000000100101011011 3 2 2 2 2 2 2 2 2
10000000000000000000100101011101 5 2 2 2 2 2 2 2 2
10000000000000000000100101100001 9 2 2 2 2 2 2 2 2
10000000000000000000100101100111 5 2 2 2 2 2 2 2 2
10000000000000000000100101101101 3 2 2 2 2 2 2 2 2
10000000000000000000100101110011 9 2 2 2 2 2 2 2 2
10000000000000000000100101111001 6 2 2 2 2 2 2 2 2
10000000000000000000100101111111 3 2 2 2 2 2 2 2 2
10000000000000000000100110000101 5 2 2 2 2 2 2 2 2
10000000000000000000100110001111 5 2 2 2 2 2 2 2 2
10000000000000000000100110010001 3 2 2 2 2 2 2 2 2
10000000000000000000100110010111 9 2 2 2 2 2 2 2 2
10000000000000000000100110011101 6 2 2 2 2 2 2 2 2
10000000000000000000100110101101 5 2 2 2 2 2 2 2 2
10000000000000000000100110101111 6 5 2 2 2 2 2 2 2
10000000000000000000100110110101 3 2 2 2 2 2 2 2 2
10000000000000000000100111000001 5 2 2 2 2 2 2 2 2
10000000000000000000100111000111 3 2 2 2 2 2 2 2 2
10000000000000000000100111001011 5 2 2 2 2 2 2 2 2
10000000000000000000100111001101 9 2 2 2 2 2 2 2 2
10000000000000000000100111010011 6 2 2 2 2 2 2 2 2
10000000000000000000100111010101 5 2 2 2 2 2 2 2 2
10000000000000000000100111011001 3 2 2 2 2 2 2 2 2
10000000000000000000100111011111 5 2 2 2 2 2 2 2 2
10000000000000000000100111100101 6 2 2 2 2 2 2 2 2
10000000000000000000100111101001 5 2 2 2 2 2 2 2 2
10000000000000000000100111101011 3 5 2 2 2 2 2 2 2
10000000000000000000100111110001 9 2 2 2 2 2 2 2 2
10000000000000000000100111110111 6 2 2 2 2 2 2 2 2
10000000000000000000100111111101 5 2 2 2 2 2 2 2 2
10000000000000000000101000000111 5 2 2 2 2 2 2 2 2
10000000000000000000101000001001 6 5 2 2 2 2 2 2 2
10000000000000000000101000010101 9 2 2 2 2 2 2 2 2
10000000000000000000101000100101 5 2 2 2 2 2 2 2 2
10000000000000000000101000101111 5 2 2 2 2 2 2 2 2
10000000000000000000101000110011 3 5 2 2 2 2 2 2 2
10000000000000000000101001000011 5 2 2 2 2 2 2 2 2
10000000000000000000101001000101 3 2 2 2 2 2 2 2 2
10000000000000000000101001010001 6 2 2 2 2 2 2 2 2
10000000000000000000101001010111 5 2 2 2 2 2 2 2 2
10000000000000000000101001011101 9 2 2 2 2 2 2 2 2
10000000000000000000101001100001 5 2 2 2 2 2 2 2 2
10000000000000000000101001101011 5 2 2 2 2 2 2 2 2
10000000000000000000101001110101 5 2 2 2 2 2 2 2 2
10000000000000000000101001111111 5 2 2 2 2 2 2 2 2
10000000000000000000101010000001 9 5 2 2 2 2 2 2 2
10000000000000000000101010001001 5 2 2 2 2 2 2 2 2
10000000000000000000101010011101 5 2 2 2 2 2 2 2 2
10000000000000000000101010011111 3 5 2 2 2 2 2 2 2
10000000000000000000101010100111 5 2 2 2 2 2 2 2 2
10000000000000000000101010101011 6 2 2 2 2 2 2 2 2
10000000000000000000101010111101 6 5 2 2 2 2 2 2 2
10000000000000000000101011010101 3 2 2 2 2 2 2 2 2
10000000000000000000101011011001 5 2 2 2 2 2 2 2 2
10000000000000000000101011011011 9 5 2 2 2 2 2 2 2
10000000000000000000101011100011 5 2 2 2 2 2 2 2 2
10000000000000000000101011110111 5 2 2 2 2 2 2 2 2
10000000000000000000101011111001 3 5 2 2 2 2 2 2 2
10000000000000000000101100000101 6 2 2 2 2 2 2 2 2
10000000000000000000101100010001 9 2 2 2 2 2 2 2 2
10000000000000000000101100010111 6 2 2 2 2 2 2 2 2
10000000000000000000101100011101 3 2 2 2 2 2 2 2 2
10000000000000000000101100100011 9 5 2 2 2 2 2 2 2
10000000000000000000101100110011 5 2 2 2 2 2 2 2 2
10000000000000000000101100110101 9 2 2 2 2 2 2 2 2
10000000000000000000101101000001 3 2 2 2 2 2 2 2 2
10000000000000000000101101000111 5 2 2 2 2 2 2 2 2
10000000000000000000101101001101 6 2 2 2 2 2 2 2 2
10000000000000000000101101010011 3 2 2 2 2 2 2 2 2
10000000000000000000101101011001 9 2 2 2 2 2 2 2 2
10000000000000000000101101011111 6 2 2 2 2 2 2 2 2
10000000000000000000101101100101 5 2 2 2 2 2 2 2 2
10000000000000000000101101101111 5 2 2 2 2 2 2 2 2
10000000000000000000101101110001 6 2 2 2 2 2 2 2 2
10000000000000000000101101110111 3 2 2 2 2 2 2 2 2
10000000000000000000101101111101 9 2 2 2 2 2 2 2 2
10000000000000000000101110001101 5 2 2 2 2 2 2 2 2
10000000000000000000101110001111 9 5 2 2 2 2 2 2 2
10000000000000000000101110010101 6 2 2 2 2 2 2 2 2
10000000000000000000101110101101 3 5 2 2 2 2 2 2 2
10000000000000000000101111000101 9 2 2 2 2 2 2 2 2
10000000000000000000101111001001 5 2 2 2 2 2 2 2 2
10000000000000000000101111001011 6 5 2 2 2 2 2 2 2
10000000000000000000101111010001 3 2 2 2 2 2 2 2 2
10000000000000000000101111010111 9 2 2 2 2 2 2 2 2
10000000000000000000101111011101 5 2 2 2 2 2 2 2 2
10000000000000000000101111100111 5 2 2 2 2 2 2 2 2
10000000000000000000101111101001 9 5 2 2 2 2 2 2 2
10000000000000000000101111110101 3 2 2 2 2 2 2 2 2
10000000000000000000110000000001 6 2 2 2 2 2 2 2 2
10000000000000000000110000000111 3 2 2 2 2 2 2 2 2
10000000000000000000110000001101 9 2 2 2 2 2 2 2 2
10000000000000000000110000010011 6 2 2 2 2 2 2 2 2
10000000000000000000110000011001 5 2 2 2 2 2 2 2 2
10000000000000000000110000011111 9 2 2 2 2 2 2 2 2
10000000000000000000110000100011 5 2 2 2 2 2 2 2 2
10000000000000000000110000100101 6 2 2 2 2 2 2 2 2
10000000000000000000110000110001 9 2 2 2 2 2 2 2 2
10000000000000000000110000110111 5 2 2 2 2 2 2 2 2
10000000000000000000110000111101 3 2 2 2 2 2 2 2 2
10000000000000000000110001000011 9 2 2 2 2 2 2 2 2
10000000000000000000110001001001 6 2 2 2 2 2 2 2 2
10000000000000000000110001001111 3 2 2 2 2 2 2 2 2
10000000000000000000110001011011 6 2 2 2 2 2 2 2 2
10000000000000000000110001100001 3 2 2 2 2 2 2 2 2
10000000000000000000110001100111 9 2 2 2 2 2 2 2 2
10000000000000000000110001101101 6 2 2 2 2 2 2 2 2
10000000000000000000110001110011 5 2 2 2 2 2 2 2 2
10000000000000000000110001111001 9 2 2 2 2 2 2 2 2
10000000000000000000110001111111 6 2 2 2 2 2 2 2 2
10000000000000000000110010000101 3 2 2 2 2 2 2 2 2
10000000000000000000110010010001 5 2 2 2 2 2 2 2 2
10000000000000000000110010010111 3 2 2 2 2 2 2 2 2
10000000000000000000110010011011 5 2 2 2 2 2 2 2 2
10000000000000000000110010011101 9 2 2 2 2 2 2 2 2
10000000000000000000110010110101 6 2 2 2 2 2 2 2 2
10000000000000000000110010111001 5 2 2 2 2 2 2 2 2
10000000000000000000110010111011 3 5 2 2 2 2 2 2 2
10000000000000000000110011000001 9 2 2 2 2 2 2 2 2
10000000000000000000110011000111 6 2 2 2 2 2 2 2 2
10000000000000000000110011001101 5 2 2 2 2 2 2 2 2
10000000000000000000110011010011 9 2 2 2 2 2 2 2 2
10000000000000000000110011011001 6 2 2 2 2 2 2 2 2