Case #1:
10000000000000011001100110011001 5 2 5 2 5 2 5 2 7
10000000000001111111111111111111 5 2 5 2 5 2 5 2 11
10000000000010010001100110011001 5 2 5 2 5 2 5 2 11
10000000000010011001000110011001 5 2 5 2 5 2 5 2 11
10000000000010011001100100011001 5 2 5 2 5 2 5 2 7
10000000000010011001100110010001 5 2 5 2 5 2 5 2 11
10000000000011110111111111111111 5 2 5 2 5 2 5 2 11
10000000000011111111011111111111 5 2 5 2 5 2 5 2 11
10000000000011111111111101111111 5 2 5 2 5 2 5 2 11
10000000000011111111111111110111 5 2 5 2 5 2 5 2 11
10000000000100001001100110011001 5 2 5 2 5 2 5 2 11
10000000000100011000100110011001 5 2 5 2 5 2 5 2 11
10000000000100011001100010011001 5 2 5 2 5 2 5 2 7
10000000000100011001100110001001 5 2 5 2 5 2 5 2 11
10000000000101101111111111111111 5 2 5 2 5 2 5 2 11
10000000000101111110111111111111 5 2 5 2 5 2 5 2 11
10000000000101111111111011111111 5 2 5 2 5 2 5 2 11
10000000000101111111111111101111 5 2 5 2 5 2 5 2 11
10000000000110000001100110011001 5 2 5 2 5 2 5 2 11
10000000000110001001000110011001 5 2 5 2 5 2 5 2 11
10000000000110001001100100011001 5 2 5 2 5 2 5 2 11
10000000000110001001100110010001 5 2 5 2 5 2 5 2 11
10000000000110010000100110011001 5 2 5 2 5 2 5 2 11
10000000000110010001100010011001 5 2 5 2 5 2 5 2 11
10000000000110010001100110001001 5 2 5 2 5 2 5 2 11
10000000000110011000000110011001 5 2 5 2 5 2 5 2 11
10000000000110011000100100011001 5 2 5 2 5 2 5 2 11
10000000000110011000100110010001 5 2 5 2 5 2 5 2 11
10000000000110011001000010011001 5 2 5 2 5 2 5 2 11
10000000000110011001000110001001 5 2 5 2 5 2 5 2 11
10000000000110011001100000011001 5 2 5 2 5 2 5 2 7
10000000000110011001100010010001 5 2 5 2 5 2 5 2 11
10000000000110011001100100001001 5 2 5 2 5 2 5 2 11
10000000000110011001100110000001 5 2 5 2 5 2 5 2 11
10000000000111100111111111111111 5 2 5 2 5 2 5 2 11
10000000000111101111011111111111 5 2 5 2 5 2 5 2 7
10000000000111101111111101111111 5 2 5 2 5 2 5 2 11
10000000000111101111111111110111 5 2 5 2 5 2 5 2 11
10000000000111110110111111111111 5 2 5 2 5 2 5 2 11
10000000000111110111111011111111 5 2 5 2 5 2 5 2 11
10000000000111110111111111101111 5 2 5 2 5 2 5 2 11
10000000000111111110011111111111 5 2 5 2 5 2 5 2 11
10000000000111111110111101111111 5 2 5 2 5 2 5 2 11
10000000000111111110111111110111 5 2 5 2 5 2 5 2 11
10000000000111111111011011111111 5 2 5 2 5 2 5 2 11
10000000000111111111011111101111 5 2 5 2 5 2 5 2 7
10000000000111111111111001111111 5 2 5 2 5 2 5 2 11
10000000000111111111111011110111 5 2 5 2 5 2 5 2 11
10000000000111111111111101101111 5 2 5 2 5 2 5 2 11
10000000000111111111111111100111 5 2 5 2 5 2 5 2 11
10000000001001011111111111111111 5 2 5 2 5 2 5 2 11
10000000001001111101111111111111 5 2 5 2 5 2 5 2 7
10000000001001111111110111111111 5 2 5 2 5 2 5 2 11
10000000001001111111111111011111 5 2 5 2 5 2 5 2 11
10000000001001111111111111111101 5 2 5 2 5 2 5 2 7
10000000001011010111111111111111 5 2 5 2 5 2 5 2 11
10000000001011011111011111111111 5 2 5 2 5 2 5 2 11
10000000001011011111111101111111 5 2 5 2 5 2 5 2 11
10000000001011011111111111110111 5 2 5 2 5 2 5 2 11
10000000001011110101111111111111 5 2 5 2 5 2 5 2 11
10000000001011110111110111111111 5 2 5 2 5 2 5 2 11
10000000001011110111111111011111 5 2 5 2 5 2 5 2 11
10000000001011110111111111111101 5 2 5 2 5 2 5 2 11
10000000001011111101011111111111 5 2 5 2 5 2 5 2 11
10000000001011111101111101111111 5 2 5 2 5 2 5 2 7
10000000001011111101111111110111 5 2 5 2 5 2 5 2 11
10000000001011111111010111111111 5 2 5 2 5 2 5 2 11
10000000001011111111011111011111 5 2 5 2 5 2 5 2 11
10000000001011111111011111111101 5 2 5 2 5 2 5 2 11
10000000001011111111110101111111 5 2 5 2 5 2 5 2 11
10000000001011111111110111110111 5 2 5 2 5 2 5 2 11
10000000001011111111111101011111 5 2 5 2 5 2 5 2 11
10000000001011111111111101111101 5 2 5 2 5 2 5 2 7
10000000001011111111111111010111 5 2 5 2 5 2 5 2 11
10000000001011111111111111110101 5 2 5 2 5 2 5 2 11
10000000001101001111111111111111 5 2 5 2 5 2 5 2 11
10000000001101011110111111111111 5 2 5 2 5 2 5 2 11
10000000001101011111111011111111 5 2 5 2 5 2 5 2 11
10000000001101011111111111101111 5 2 5 2 5 2 5 2 11
10000000001101101101111111111111 5 2 5 2 5 2 5 2 11
10000000001101101111110111111111 5 2 5 2 5 2 5 2 11
10000000001101101111111111011111 5 2 5 2 5 2 5 2 11
10000000001101101111111111111101 5 2 5 2 5 2 5 2 11
10000000001101111100111111111111 5 2 5 2 5 2 5 2 11
10000000001101111101111011111111 5 2 5 2 5 2 5 2 7
10000000001101111101111111101111 5 2 5 2 5 2 5 2 11
10000000001101111110110111111111 5 2 5 2 5 2 5 2 11
10000000001101111110111111011111 5 2 5 2 5 2 5 2 11
10000000001101111110111111111101 5 2 5 2 5 2 5 2 11
10000000001101111111110011111111 5 2 5 2 5 2 5 2 11
10000000001101111111110111101111 5 2 5 2 5 2 5 2 11
10000000001101111111111011011111 5 2 5 2 5 2 5 2 11
10000000001101111111111011111101 5 2 5 2 5 2 5 2 7
10000000001101111111111111001111 5 2 5 2 5 2 5 2 11
10000000001101111111111111101101 5 2 5 2 5 2 5 2 11
10000000001111000111111111111111 5 2 5 2 5 2 5 2 7
10000000001111001111011111111111 5 2 5 2 5 2 5 2 11
10000000001111001111111101111111 5 2 5 2 5 2 5 2 11
10000000001111001111111111110111 5 2 5 2 5 2 5 2 7
10000000001111010110111111111111 5 2 5 2 5 2 5 2 11
10000000001111010111111011111111 5 2 5 2 5 2 5 2 11
10000000001111010111111111101111 5 2 5 2 5 2 5 2 7
10000000001111011110011111111111 5 2 5 2 5 2 5 2 11
10000000001111011110111101111111 5 2 5 2 5 2 5 2 11
10000000001111011110111111110111 5 2 5 2 5 2 5 2 11
10000000001111011111011011111111 5 2 5 2 5 2 5 2 11
10000000001111011111011111101111 5 2 5 2 5 2 5 2 11
10000000001111011111111001111111 5 2 5 2 5 2 5 2 11
10000000001111011111111011110111 5 2 5 2 5 2 5 2 11
10000000001111011111111101101111 5 2 5 2 5 2 5 2 11
10000000001111011111111111100111 5 2 5 2 5 2 5 2 7
10000000001111100101111111111111 5 2 5 2 5 2 5 2 11
10000000001111100111110111111111 5 2 5 2 5 2 5 2 11
10000000001111100111111111011111 5 2 5 2 5 2 5 2 7
10000000001111100111111111111101 5 2 5 2 5 2 5 2 11
10000000001111101101011111111111 5 2 5 2 5 2 5 2 11
10000000001111101101111101111111 5 2 5 2 5 2 5 2 11
10000000001111101101111111110111 5 2 5 2 5 2 5 2 11
10000000001111101111010111111111 5 2 5 2 5 2 5 2 7
10000000001111101111011111011111 5 2 5 2 5 2 5 2 11
10000000001111101111011111111101 5 2 5 2 5 2 5 2 11
10000000001111101111110101111111 5 2 5 2 5 2 5 2 11
10000000001111101111110111110111 5 2 5 2 5 2 5 2 11
10000000001111101111111101011111 5 2 5 2 5 2 5 2 11
10000000001111101111111101111101 5 2 5 2 5 2 5 2 11
10000000001111101111111111010111 5 2 5 2 5 2 5 2 7
10000000001111101111111111110101 5 2 5 2 5 2 5 2 11
10000000001111110100111111111111 5 2 5 2 5 2 5 2 11
10000000001111110101111011111111 5 2 5 2 5 2 5 2 11
10000000001111110101111111101111 5 2 5 2 5 2 5 2 11
10000000001111110110110111111111 5 2 5 2 5 2 5 2 11
10000000001111110110111111011111 5 2 5 2 5 2 5 2 11
10000000001111110110111111111101 5 2 5 2 5 2 5 2 11
10000000001111110111110011111111 5 2 5 2 5 2 5 2 11
10000000001111110111110111101111 5 2 5 2 5 2 5 2 11
10000000001111110111111011011111 5 2 5 2 5 2 5 2 11
10000000001111110111111011111101 5 2 5 2 5 2 5 2 11
10000000001111110111111111001111 5 2 5 2 5 2 5 2 7
10000000001111110111111111101101 5 2 5 2 5 2 5 2 11
10000000001111111100011111111111 5 2 5 2 5 2 5 2 11
10000000001111111100111101111111 5 2 5 2 5 2 5 2 11
10000000001111111100111111110111 5 2 5 2 5 2 5 2 11
10000000001111111101011011111111 5 2 5 2 5 2 5 2 11
10000000001111111101011111101111 5 2 5 2 5 2 5 2 11
10000000001111111101111001111111 5 2 5 2 5 2 5 2 7
10000000001111111101111011110111 5 2 5 2 5 2 5 2 11
10000000001111111101111101101111 5 2 5 2 5 2 5 2 11
10000000001111111101111111100111 5 2 5 2 5 2 5 2 11
10000000001111111110010111111111 5 2 5 2 5 2 5 2 11
10000000001111111110011111011111 5 2 5 2 5 2 5 2 11
10000000001111111110011111111101 5 2 5 2 5 2 5 2 11
10000000001111111110110101111111 5 2 5 2 5 2 5 2 11
10000000001111111110110111110111 5 2 5 2 5 2 5 2 11
10000000001111111110111101011111 5 2 5 2 5 2 5 2 11
10000000001111111110111101111101 5 2 5 2 5 2 5 2 11
10000000001111111110111111010111 5 2 5 2 5 2 5 2 11
10000000001111111110111111110101 5 2 5 2 5 2 5 2 11
10000000001111111111010011111111 5 2 5 2 5 2 5 2 11
10000000001111111111010111101111 5 2 5 2 5 2 5 2 7
10000000001111111111011011011111 5 2 5 2 5 2 5 2 11
10000000001111111111011011111101 5 2 5 2 5 2 5 2 11
10000000001111111111011111001111 5 2 5 2 5 2 5 2 11
10000000001111111111011111101101 5 2 5 2 5 2 5 2 11
10000000001111111111110001111111 5 2 5 2 5 2 5 2 11
10000000001111111111110011110111 5 2 5 2 5 2 5 2 11
10000000001111111111110101101111 5 2 5 2 5 2 5 2 11
10000000001111111111110111100111 5 2 5 2 5 2 5 2 11
10000000001111111111111001011111 5 2 5 2 5 2 5 2 11
10000000001111111111111001111101 5 2 5 2 5 2 5 2 7
10000000001111111111111011010111 5 2 5 2 5 2 5 2 11
10000000001111111111111011110101 5 2 5 2 5 2 5 2 11
10000000001111111111111101001111 5 2 5 2 5 2 5 2 11
10000000001111111111111101101101 5 2 5 2 5 2 5 2 11
10000000001111111111111111000111 5 2 5 2 5 2 5 2 7
10000000001111111111111111100101 5 2 5 2 5 2 5 2 11
10000000010000111111111111111111 5 2 5 2 5 2 5 2 7
10000000010001111011111111111111 5 2 5 2 5 2 5 2 11
10000000010001111111101111111111 5 2 5 2 5 2 5 2 11
10000000010001111111111110111111 5 2 5 2 5 2 5 2 7
10000000010001111111111111111011 5 2 5 2 5 2 5 2 11
10000000010010110111111111111111 5 2 5 2 5 2 5 2 11
10000000010010111111011111111111 5 2 5 2 5 2 5 2 11
10000000010010111111111101111111 5 2 5 2 5 2 5 2 7
10000000010010111111111111110111 5 2 5 2 5 2 5 2 11
10000000010011110011111111111111 5 2 5 2 5 2 5 2 11
10000000010011110111101111111111 5 2 5 2 5 2 5 2 11
10000000010011110111111110111111 5 2 5 2 5 2 5 2 11
10000000010011110111111111111011 5 2 5 2 5 2 5 2 11
10000000010011111011011111111111 5 2 5 2 5 2 5 2 11
10000000010011111011111101111111 5 2 5 2 5 2 5 2 11
10000000010011111011111111110111 5 2 5 2 5 2 5 2 11
10000000010011111111001111111111 5 2 5 2 5 2 5 2 11
10000000010011111111011110111111 5 2 5 2 5 2 5 2 11
10000000010011111111011111111011 5 2 5 2 5 2 5 2 11
10000000010011111111101101111111 5 2 5 2 5 2 5 2 11
10000000010011111111101111110111 5 2 5 2 5 2 5 2 11
10000000010011111111111100111111 5 2 5 2 5 2 5 2 7
10000000010011111111111101111011 5 2 5 2 5 2 5 2 11
10000000010011111111111110110111 5 2 5 2 5 2 5 2 11
10000000010011111111111111110011 5 2 5 2 5 2 5 2 11
10000000010100101111111111111111 5 2 5 2 5 2 5 2 11
10000000010100111110111111111111 5 2 5 2 5 2 5 2 11
10000000010100111111111011111111 5 2 5 2 5 2 5 2 7
10000000010100111111111111101111 5 2 5 2 5 2 5 2 11
10000000010101101011111111111111 5 2 5 2 5 2 5 2 11
10000000010101101111101111111111 5 2 5 2 5 2 5 2 11
10000000010101101111111110111111 5 2 5 2 5 2 5 2 11
10000000010101101111111111111011 5 2 5 2 5 2 5 2 11
10000000010101111010111111111111 5 2 5 2 5 2 5 2 7
10000000010101111011111011111111 5 2 5 2 5 2 5 2 11
10000000010101111011111111101111 5 2 5 2 5 2 5 2 11
10000000010101111110101111111111 5 2 5 2 5 2 5 2 11
10000000010101111110111110111111 5 2 5 2 5 2 5 2 11
10000000010101111110111111111011 5 2 5 2 5 2 5 2 7
10000000010101111111101011111111 5 2 5 2 5 2 5 2 11
10000000010101111111101111101111 5 2 5 2 5 2 5 2 11
10000000010101111111111010111111 5 2 5 2 5 2 5 2 7
10000000010101111111111011111011 5 2 5 2 5 2 5 2 11
10000000010101111111111110101111 5 2 5 2 5 2 5 2 11
10000000010101111111111111101011 5 2 5 2 5 2 5 2 11
10000000010110100111111111111111 5 2 5 2 5 2 5 2 11
10000000010110101111011111111111 5 2 5 2 5 2 5 2 11
10000000010110101111111101111111 5 2 5 2 5 2 5 2 11
10000000010110101111111111110111 5 2 5 2 5 2 5 2 11
10000000010110110110111111111111 5 2 5 2 5 2 5 2 11
10000000010110110111111011111111 5 2 5 2 5 2 5 2 11
10000000010110110111111111101111 5 2 5 2 5 2 5 2 11
10000000010110111110011111111111 5 2 5 2 5 2 5 2 11
10000000010110111110111101111111 5 2 5 2 5 2 5 2 11
10000000010110111110111111110111 5 2 5 2 5 2 5 2 11
10000000010110111111011011111111 5 2 5 2 5 2 5 2 11
10000000010110111111011111101111 5 2 5 2 5 2 5 2 11
10000000010110111111111001111111 5 2 5 2 5 2 5 2 7
10000000010110111111111011110111 5 2 5 2 5 2 5 2 11
10000000010110111111111101101111 5 2 5 2 5 2 5 2 11
10000000010110111111111111100111 5 2 5 2 5 2 5 2 11
10000000010111100011111111111111 5 2 5 2 5 2 5 2 11
10000000010111100111101111111111 5 2 5 2 5 2 5 2 11
10000000010111100111111110111111 5 2 5 2 5 2 5 2 11
10000000010111100111111111111011 5 2 5 2 5 2 5 2 11
10000000010111101011011111111111 5 2 5 2 5 2 5 2 11
10000000010111101011111101111111 5 2 5 2 5 2 5 2 11
10000000010111101011111111110111 5 2 5 2 5 2 5 2 11
10000000010111101111001111111111 5 2 5 2 5 2 5 2 7
10000000010111101111011110111111 5 2 5 2 5 2 5 2 11
10000000010111101111011111111011 5 2 5 2 5 2 5 2 11
10000000010111101111101101111111 5 2 5 2 5 2 5 2 11
10000000010111101111101111110111 5 2 5 2 5 2 5 2 11
10000000010111101111111100111111 5 2 5 2 5 2 5 2 11
10000000010111101111111101111011 5 2 5 2 5 2 5 2 11
10000000010111101111111110110111 5 2 5 2 5 2 5 2 11
10000000010111101111111111110011 5 2 5 2 5 2 5 2 11
10000000010111110010111111111111 5 2 5 2 5 2 5 2 11
10000000010111110011111011111111 5 2 5 2 5 2 5 2 11
10000000010111110011111111101111 5 2 5 2 5 2 5 2 11
10000000010111110110101111111111 5 2 5 2 5 2 5 2 11
10000000010111110110111110111111 5 2 5 2 5 2 5 2 11
10000000010111110110111111111011 5 2 5 2 5 2 5 2 11
10000000010111110111101011111111 5 2 5 2 5 2 5 2 11
10000000010111110111101111101111 5 2 5 2 5 2 5 2 11
10000000010111110111111010111111 5 2 5 2 5 2 5 2 11
10000000010111110111111011111011 5 2 5 2 5 2 5 2 11
10000000010111110111111110101111 5 2 5 2 5 2 5 2 11
10000000010111110111111111101011 5 2 5 2 5 2 5 2 11
10000000010111111010011111111111 5 2 5 2 5 2 5 2 11
10000000010111111010111101111111 5 2 5 2 5 2 5 2 7
10000000010111111010111111110111 5 2 5 2 5 2 5 2 11
10000000010111111011011011111111 5 2 5 2 5 2 5 2 11
10000000010111111011011111101111 5 2 5 2 5 2 5 2 11
10000000010111111011111001111111 5 2 5 2 5 2 5 2 11
10000000010111111011111011110111 5 2 5 2 5 2 5 2 11
10000000010111111011111101101111 5 2 5 2 5 2 5 2 11
10000000010111111011111111100111 5 2 5 2 5 2 5 2 11
10000000010111111110001111111111 5 2 5 2 5 2 5 2 11
10000000010111111110011110111111 5 2 5 2 5 2 5 2 11
10000000010111111110011111111011 5 2 5 2 5 2 5 2 11
10000000010111111110101101111111 5 2 5 2 5 2 5 2 11
10000000010111111110101111110111 5 2 5 2 5 2 5 2 11
10000000010111111110111100111111 5 2 5 2 5 2 5 2 11
10000000010111111110111101111011 5 2 5 2 5 2 5 2 7
10000000010111111110111110110111 5 2 5 2 5 2 5 2 11
10000000010111111110111111110011 5 2 5 2 5 2 5 2 11
10000000010111111111001011111111 5 2 5 2 5 2 5 2 11
10000000010111111111001111101111 5 2 5 2 5 2 5 2 7
10000000010111111111011010111111 5 2 5 2 5 2 5 2 11
10000000010111111111011011111011 5 2 5 2 5 2 5 2 11
10000000010111111111011110101111 5 2 5 2 5 2 5 2 11
10000000010111111111011111101011 5 2 5 2 5 2 5 2 11
10000000010111111111101001111111 5 2 5 2 5 2 5 2 11
10000000010111111111101011110111 5 2 5 2 5 2 5 2 11
10000000010111111111101101101111 5 2 5 2 5 2 5 2 11
10000000010111111111101111100111 5 2 5 2 5 2 5 2 11
10000000010111111111111000111111 5 2 5 2 5 2 5 2 7
10000000010111111111111001111011 5 2 5 2 5 2 5 2 11
10000000010111111111111010110111 5 2 5 2 5 2 5 2 11
10000000010111111111111011110011 5 2 5 2 5 2 5 2 11
10000000010111111111111100101111 5 2 5 2 5 2 5 2 11
10000000010111111111111101101011 5 2 5 2 5 2 5 2 11
10000000010111111111111110100111 5 2 5 2 5 2 5 2 11
10000000010111111111111111100011 5 2 5 2 5 2 5 2 11
10000000011000011111111111111111 5 2 5 2 5 2 5 2 11
10000000011000111101111111111111 5 2 5 2 5 2 5 2 11
10000000011000111111110111111111 5 2 5 2 5 2 5 2 7
10000000011000111111111111011111 5 2 5 2 5 2 5 2 11
10000000011000111111111111111101 5 2 5 2 5 2 5 2 11
10000000011001011011111111111111 5 2 5 2 5 2 5 2 7
10000000011001011111101111111111 5 2 5 2 5 2 5 2 11
10000000011001011111111110111111 5 2 5 2 5 2 5 2 11
10000000011001011111111111111011 5 2 5 2 5 2 5 2 7
10000000011001111001111111111111 5 2 5 2 5 2 5 2 11
10000000011001111011110111111111 5 2 5 2 5 2 5 2 11
10000000011001111011111111011111 5 2 5 2 5 2 5 2 7
10000000011001111011111111111101 5 2 5 2 5 2 5 2 11
10000000011001111101101111111111 5 2 5 2 5 2 5 2 7
10000000011001111101111110111111 5 2 5 2 5 2 5 2 11
10000000011001111101111111111011 5 2 5 2 5 2 5 2 11
10000000011001111111100111111111 5 2 5 2 5 2 5 2 11
10000000011001111111101111011111 5 2 5 2 5 2 5 2 11
10000000011001111111101111111101 5 2 5 2 5 2 5 2 7
10000000011001111111110110111111 5 2 5 2 5 2 5 2 7
10000000011001111111110111111011 5 2 5 2 5 2 5 2 11
10000000011001111111111110011111 5 2 5 2 5 2 5 2 11
10000000011001111111111110111101 5 2 5 2 5 2 5 2 11
10000000011001111111111111011011 5 2 5 2 5 2 5 2 7
10000000011001111111111111111001 5 2 5 2 5 2 5 2 11
10000000011010010111111111111111 5 2 5 2 5 2 5 2 11
10000000011010011111011111111111 5 2 5 2 5 2 5 2 11
10000000011010011111111101111111 5 2 5 2 5 2 5 2 11
10000000011010011111111111110111 5 2 5 2 5 2 5 2 11
10000000011010110101111111111111 5 2 5 2 5 2 5 2 7
10000000011010110111110111111111 5 2 5 2 5 2 5 2 11
10000000011010110111111111011111 5 2 5 2 5 2 5 2 11
10000000011010110111111111111101 5 2 5 2 5 2 5 2 7
10000000011010111101011111111111 5 2 5 2 5 2 5 2 11
10000000011010111101111101111111 5 2 5 2 5 2 5 2 11
10000000011010111101111111110111 5 2 5 2 5 2 5 2 7
10000000011010111111010111111111 5 2 5 2 5 2 5 2 11
10000000011010111111011111011111 5 2 5 2 5 2 5 2 11
10000000011010111111011111111101 5 2 5 2 5 2 5 2 11
10000000011010111111110101111111 5 2 5 2 5 2 5 2 7
10000000011010111111110111110111 5 2 5 2 5 2 5 2 11
10000000011010111111111101011111 5 2 5 2 5 2 5 2 11
10000000011010111111111101111101 5 2 5 2 5 2 5 2 11
10000000011010111111111111010111 5 2 5 2 5 2 5 2 11
10000000011010111111111111110101 5 2 5 2 5 2 5 2 7
10000000011011010011111111111111 5 2 5 2 5 2 5 2 11
10000000011011010111101111111111 5 2 5 2 5 2 5 2 11
10000000011011010111111110111111 5 2 5 2 5 2 5 2 11
10000000011011010111111111111011 5 2 5 2 5 2 5 2 11
10000000011011011011011111111111 5 2 5 2 5 2 5 2 11
10000000011011011011111101111111 5 2 5 2 5 2 5 2 7
10000000011011011011111111110111 5 2 5 2 5 2 5 2 11
10000000011011011111001111111111 5 2 5 2 5 2 5 2 11
10000000011011011111011110111111 5 2 5 2 5 2 5 2 11
10000000011011011111011111111011 5 2 5 2 5 2 5 2 11
10000000011011011111101101111111 5 2 5 2 5 2 5 2 11
10000000011011011111101111110111 5 2 5 2 5 2 5 2 11
10000000011011011111111100111111 5 2 5 2 5 2 5 2 11
10000000011011011111111101111011 5 2 5 2 5 2 5 2 7
10000000011011011111111110110111 5 2 5 2 5 2 5 2 11
10000000011011011111111111110011 5 2 5 2 5 2 5 2 11
10000000011011110001111111111111 5 2 5 2 5 2 5 2 11
10000000011011110011110111111111 5 2 5 2 5 2 5 2 11
10000000011011110011111111011111 5 2 5 2 5 2 5 2 11
10000000011011110011111111111101 5 2 5 2 5 2 5 2 11
10000000011011110101101111111111 5 2 5 2 5 2 5 2 11
10000000011011110101111110111111 5 2 5 2 5 2 5 2 7
10000000011011110101111111111011 5 2 5 2 5 2 5 2 11
10000000011011110111100111111111 5 2 5 2 5 2 5 2 11
10000000011011110111101111011111 5 2 5 2 5 2 5 2 11
10000000011011110111101111111101 5 2 5 2 5 2 5 2 11
10000000011011110111110110111111 5 2 5 2 5 2 5 2 11
10000000011011110111110111111011 5 2 5 2 5 2 5 2 11
10000000011011110111111110011111 5 2 5 2 5 2 5 2 11
10000000011011110111111110111101 5 2 5 2 5 2 5 2 7
10000000011011110111111111011011 5 2 5 2 5 2 5 2 11
10000000011011110111111111111001 5 2 5 2 5 2 5 2 11
10000000011011111001011111111111 5 2 5 2 5 2 5 2 7
10000000011011111001111101111111 5 2 5 2 5 2 5 2 11
10000000011011111001111111110111 5 2 5 2 5 2 5 2 11
10000000011011111011010111111111 5 2 5 2 5 2 5 2 11
10000000011011111011011111011111 5 2 5 2 5 2 5 2 11
10000000011011111011011111111101 5 2 5 2 5 2 5 2 7
10000000011011111011110101111111 5 2 5 2 5 2 5 2 11
10000000011011111011110111110111 5 2 5 2 5 2 5 2 11
10000000011011111011111101011111 5 2 5 2 5 2 5 2 7
10000000011011111011111101111101 5 2 5 2 5 2 5 2 11
10000000011011111011111111010111 5 2 5 2 5 2 5 2 11
10000000011011111011111111110101 5 2 5 2 5 2 5 2 11
10000000011011111101001111111111 5 2 5 2 5 2 5 2 11
10000000011011111101011110111111 5 2 5 2 5 2 5 2 11
10000000011011111101011111111011 5 2 5 2 5 2 5 2 7
10000000011011111101101101111111 5 2 5 2 5 2 5 2 7
10000000011011111101101111110111 5 2 5 2 5 2 5 2 11
10000000011011111101111100111111 5 2 5 2 5 2 5 2 11
10000000011011111101111101111011 5 2 5 2 5 2 5 2 11
10000000011011111101111110110111 5 2 5 2 5 2 5 2 7
10000000011011111101111111110011 5 2 5 2 5 2 5 2 11
10000000011011111111000111111111 5 2 5 2 5 2 5 2 11
10000000011011111111001111011111 5 2 5 2 5 2 5 2 11
10000000011011111111001111111101 5 2 5 2 5 2 5 2 11
10000000011011111111010110111111 5 2 5 2 5 2 5 2 11
10000000011011111111010111111011 5 2 5 2 5 2 5 2 11
10000000011011111111011110011111 5 2 5 2 5 2 5 2 11
10000000011011111111011110111101 5 2 5 2 5 2 5 2 11
10000000011011111111011111011011 5 2 5 2 5 2 5 2 11
10000000011011111111011111111001 5 2 5 2 5 2 5 2 7
10000000011011111111100101111111 5 2 5 2 5 2 5 2 11
10000000011011111111100111110111 5 2 5 2 5 2 5 2 11
10000000011011111111101101011111 5 2 5 2 5 2 5 2 11
10000000011011111111101101111101 5 2 5 2 5 2 5 2 7
10000000011011111111101111010111 5 2 5 2 5 2 5 2 11
10000000011011111111101111110101 5 2 5 2 5 2 5 2 11
10000000011011111111110100111111 5 2 5 2 5 2 5 2 7
10000000011011111111110101111011 5 2 5 2 5 2 5 2 11
10000000011011111111110110110111 5 2 5 2 5 2 5 2 11
10000000011011111111110111110011 5 2 5 2 5 2 5 2 11
10000000011011111111111100011111 5 2 5 2 5 2 5 2 11
10000000011011111111111100111101 5 2 5 2 5 2 5 2 11
10000000011011111111111101011011 5 2 5 2 5 2 5 2 7
10000000011011111111111101111001 5 2 5 2 5 2 5 2 11
10000000011011111111111110010111 5 2 5 2 5 2 5 2 11
10000000011011111111111110110101 5 2 5 2 5 2 5 2 7
10000000011011111111111111010011 5 2 5 2 5 2 5 2 11
10000000011011111111111111110001 5 2 5 2 5 2 5 2 11
10000000011100001111111111111111 5 2 5 2 5 2 5 2 11
10000000011100011110111111111111 5 2 5 2 5 2 5 2 11
10000000011100011111111011111111 5 2 5 2 5 2 5 2 11
10000000011100011111111111101111 5 2 5 2 5 2 5 2 11
10000000011100101101111111111111 5 2 5 2 5 2 5 2 11
10000000011100101111110111111111 5 2 5 2 5 2 5 2 11
10000000011100101111111111011111 5 2 5 2 5 2 5 2 11
10000000011100101111111111111101 5 2 5 2 5 2 5 2 11
10000000011100111100111111111111 5 2 5 2 5 2 5 2 11
10000000011100111101111011111111 5 2 5 2 5 2 5 2 11
10000000011100111101111111101111 5 2 5 2 5 2 5 2 11
10000000011100111110110111111111 5 2 5 2 5 2 5 2 11
10000000011100111110111111011111 5 2 5 2 5 2 5 2 11
10000000011100111110111111111101 5 2 5 2 5 2 5 2 11
10000000011100111111110011111111 5 2 5 2 5 2 5 2 7
10000000011100111111110111101111 5 2 5 2 5 2 5 2 11
10000000011100111111111011011111 5 2 5 2 5 2 5 2 11
10000000011100111111111011111101 5 2 5 2 5 2 5 2 11
10000000011100111111111111001111 5 2 5 2 5 2 5 2 11
10000000011100111111111111101101 5 2 5 2 5 2 5 2 11
10000000011101001011111111111111 5 2 5 2 5 2 5 2 11
10000000011101001111101111111111 5 2 5 2 5 2 5 2 11
10000000011101001111111110111111 5 2 5 2 5 2 5 2 11
10000000011101001111111111111011 5 2 5 2 5 2 5 2 11
10000000011101011010111111111111 5 2 5 2 5 2 5 2 11
10000000011101011011111011111111 5 2 5 2 5 2 5 2 7
10000000011101011011111111101111 5 2 5 2 5 2 5 2 11
10000000011101011110101111111111 5 2 5 2 5 2 5 2 11
10000000011101011110111110111111 5 2 5 2 5 2 5 2 11
10000000011101011110111111111011 5 2 5 2 5 2 5 2 11
10000000011101011111101011111111 5 2 5 2 5 2 5 2 11
10000000011101011111101111101111 5 2 5 2 5 2 5 2 11
10000000011101011111111010111111 5 2 5 2 5 2 5 2 11
10000000011101011111111011111011 5 2 5 2 5 2 5 2 7
10000000011101011111111110101111 5 2 5 2 5 2 5 2 11
10000000011101011111111111101011 5 2 5 2 5 2 5 2 11
10000000011101101001111111111111 5 2 5 2 5 2 5 2 7
10000000011101101011110111111111 5 2 5 2 5 2 5 2 11
10000000011101101011111111011111 5 2 5 2 5 2 5 2 11
10000000011101101011111111111101 5 2 5 2 5 2 5 2 7
10000000011101101101101111111111 5 2 5 2 5 2 5 2 11
10000000011101101101111110111111 5 2 5 2 5 2 5 2 11
10000000011101101101111111111011 5 2 5 2 5 2 5 2 7
10000000011101101111100111111111 5 2 5 2 5 2 5 2 11
10000000011101101111101111011111 5 2 5 2 5 2 5 2 11
10000000011101101111101111111101 5 2 5 2 5 2 5 2 11
10000000011101101111110110111111 5 2 5 2 5 2 5 2 11
10000000011101101111110111111011 5 2 5 2 5 2 5 2 11
10000000011101101111111110011111 5 2 5 2 5 2 5 2 11
10000000011101101111111110111101 5 2 5 2 5 2 5 2 11
10000000011101101111111111011011 5 2 5 2 5 2 5 2 11
10000000011101101111111111111001 5 2 5 2 5 2 5 2 7
10000000011101111000111111111111 5 2 5 2 5 2 5 2 11
10000000011101111001111011111111 5 2 5 2 5 2 5 2 11
10000000011101111001111111101111 5 2 5 2 5 2 5 2 7
10000000011101111010110111111111 5 2 5 2 5 2 5 2 7
10000000011101111010111111011111 5 2 5 2 5 2 5 2 11
10000000011101111010111111111101 5 2 5 2 5 2 5 2 11
10000000011101111011110011111111 5 2 5 2 5 2 5 2 11
10000000011101111011110111101111 5 2 5 2 5 2 5 2 11
10000000011101111011111011011111 5 2 5 2 5 2 5 2 7
10000000011101111011111011111101 5 2 5 2 5 2 5 2 11
10000000011101111011111111001111 5 2 5 2 5 2 5 2 11
10000000011101111011111111101101 5 2 5 2 5 2 5 2 7
10000000011101111100101111111111 5 2 5 2 5 2 5 2 11
10000000011101111100111110111111 5 2 5 2 5 2 5 2 11
10000000011101111100111111111011 5 2 5 2 5 2 5 2 11
10000000011101111101101011111111 5 2 5 2 5 2 5 2 7
10000000011101111101101111101111 5 2 5 2 5 2 5 2 11
10000000011101111101111010111111 5 2 5 2 5 2 5 2 11
10000000011101111101111011111011 5 2 5 2 5 2 5 2 11
10000000011101111101111110101111 5 2 5 2 5 2 5 2 11
10000000011101111101111111101011 5 2 5 2 5 2 5 2 7
10000000011101111110100111111111 5 2 5 2 5 2 5 2 11
10000000011101111110101111011111 5 2 5 2 5 2 5 2 11